<?xml version="1.0" encoding="UTF-8"?>
<testsuite name="ru.kredit.calculator.data.mapper.EntityMappersTest" tests="2" skipped="0" failures="0" errors="0" timestamp="2026-06-14T09:08:50" hostname="Mac-mini-Tackov.local" time="0.014">
  <properties/>
  <testcase name="newLoanEntityUsesNullIdForInsert" classname="ru.kredit.calculator.data.mapper.EntityMappersTest" time="0.007"/>
  <testcase name="loanEntityRoundTripPreservesValues" classname="ru.kredit.calculator.data.mapper.EntityMappersTest" time="0.007"/>
  <system-out><![CDATA[]]></system-out>
  <system-err><![CDATA[]]></system-err>
</testsuite>
