<?xml version="1.0" encoding="UTF-8"?>
<testsuite name="ru.kredit.calculator.data.model.LoanExtensionsTest" tests="2" skipped="0" failures="0" errors="0" timestamp="2026-06-14T12:59:32" hostname="Mac-mini-Tackov.local" time="0.005">
  <properties/>
  <testcase name="effectiveIssueDate_usesManualDateWhenSet" classname="ru.kredit.calculator.data.model.LoanExtensionsTest" time="0.001"/>
  <testcase name="effectiveIssueDate_usesMonthBeforeFirstPaymentWhenIssueDateMissing" classname="ru.kredit.calculator.data.model.LoanExtensionsTest" time="0.003"/>
  <system-out><![CDATA[]]></system-out>
  <system-err><![CDATA[]]></system-err>
</testsuite>
